### ISSUE TITLE
An error of using format_address func

### ISSUE THREAD

**Issue by wanchouchou** [longld/peda#68]
Hello! There is some wrong when I using the gdb_peda to debug every executable files in my computor.

My OS is Ubuntu 14.04 x86, gdb version is  "GNU gdb (Ubuntu 7.7.1-0ubuntu5~14.04.2) 7.7.1", python version is 2.7.

And below is the error info:
─── Output/messages ────────────────────────
[----------------------------------registers-----------------------------------]
EAX: 0x1 
EBX: 0xb7fc0000 --> 0x1a9da8 
ECX: 0x2dd643aa 
EDX: 0xbffff734 --> 0xb7fc0000 --> 0x1a9da8 
ESI: 0x0 
EDI: 0x0 
EBP: 0xbffff708 --> 0x0 
ESP: 0xbffff708 --> 0x0 
EIP: 0x8048450 (<main+3>:	and    esp,0xfffffff0)
EFLAGS: 0x246 (carry PARITY adjust ZERO sign trap INTERRUPT direction overflow)
[-------------------------------------code-------------------------------------]
   0x8048448 <frame_dummy+40>:	jmp    0x80483c0 <register_tm_clones>
   0x804844d <main>:	push   ebp
   0x804844e <main+1>:	mov    ebp,esp
=> 0x8048450 <main+3>:	and    esp,0xfffffff0
   0x8048453 <main+6>:	sub    esp,0x20
   0x8048456 <main+9>:	mov    eax,DWORD PTR [ebp+0xc]
   0x8048459 <main+12>:	add    eax,0x4
   0x804845c <main+15>:	mov    eax,DWORD PTR [eax]
[------------------------------------stack-------------------------------------]
0000| 0xbffff708 --> 0x0 
0004| 0xbffff70c --> 0xb7e2fa83 (<__libc_start_main+243>:	mov    DWORD PTR [esp],eax)
......(deleted by myself)
[------------------------------------------------------------------------------]
**Legend: code, data, rodata, value

## **Breakpoint 1, 0x08048450 in main ()
Traceback (most recent call last):
  File "/home/chouchou/peda/lib/utils.py", line 47, in __call__
    return self.cache[(self.func, self.instance, args) + tuple(kwargs.items())]
KeyError: (<function format_address at 0xb6fd1d1c>, None, (134513741,))

During handling of the above exception, another exception occurred:

Traceback (most recent call last):
  File "<string>", line 196, in <lambda>
  File "<string>", line 215, in on_stop
  File "<string>", line 252, in build
  File "<string>", line 735, in lines
  File "/home/chouchou/peda/lib/utils.py", line 50, in __call__
    value = self.func(*args, **kwargs)
TypeError: format_address() missing 1 required positional argument: 'type'
****

I do not known why. Please help me, thanks!  D:)

**Comment by longld** [comment]
What version are you using? Can you pull the latest on git and try again?

**Comment by wanchouchou** [comment]
Oh, It's my false. It works well after I pulled the latest version on git. D:)
Thanks
